TokaMac SVDFit Output. From Input FileName: TokIn.dat
    RunName: Shape2. Info: Shape2
    Run started at Monday, Apr 25, 2016 10:12:09 PM
    Chisq1 = 0.0134473, Chisq2 = 0.0259818

Unknowns     uOld       uNew      +-err  +-PerCent   sing val
   1       -0.321      -0.33      0.119       36.2       8.37
   2      -0.0714    -0.0716    0.00688       9.61        380
   3      -0.0101    -0.0101   6.28e-05      0.625   3.18e+03
   4      -0.0018    -0.0018   6.28e-05       3.49   1.59e+04
   5      0.00772    0.00772   0.000314       4.07   1.59e+04

Covariance Martix
Unkn |  Unknowns ->   
              1          2          3          4          5 
   1      0.014   -0.00076    2.5e-11   -4.5e-09    2.3e-09 
   2   -0.00076    4.7e-05   -2.1e-12    3.6e-10   -1.9e-10 
   3    2.5e-11   -2.1e-12    3.9e-09    1.5e-14     -8e-15 
   4   -4.5e-09    3.6e-10    1.5e-14    3.9e-09    1.4e-12 
   5    2.3e-09   -1.9e-10     -8e-15    1.4e-12    9.9e-08 

L Array
Meas |  Unknowns ->   
              1          2          3          4          5 
   1          0          0    1.6e+04          0          0 
   2          0          0          0    1.6e+04          0 
   3          0          0          0          0    3.2e+03 
   4        -22   -3.5e+02          0          0          0 
   5      -0.39        -11       -2.4    4.2e+02       -8.7 
   6          0   -1.5e+02          0          0          0 

