This is pdfTeX, Version 3.1415926-2.5-1.40.14 (MiKTeX 2.9 64-bit) (preloaded format=pdflatex 2014.10.2)  23 OCT 2014 15:20
entering extended mode
**byrne_aps_2014.tex
("C:\Users\Pat Byrne\Desktop\2014_nola\byrne_aps_2014.tex"
LaTeX2e <2011/06/27>
Babel <v3.8m> and hyphenation patterns for english, afrikaans, ancientgreek, ar
abic, armenian, assamese, basque, bengali, bokmal, bulgarian, catalan, coptic, 
croatian, czech, danish, dutch, esperanto, estonian, farsi, finnish, french, ga
lician, german, german-x-2013-05-26, greek, gujarati, hindi, hungarian, iceland
ic, indonesian, interlingua, irish, italian, kannada, kurmanji, latin, latvian,
 lithuanian, malayalam, marathi, mongolian, mongolianlmc, monogreek, ngerman, n
german-x-2013-05-26, nynorsk, oriya, panjabi, pinyin, polish, portuguese, roman
ian, russian, sanskrit, serbian, slovak, slovenian, spanish, swedish, swissgerm
an, tamil, telugu, turkish, turkmen, ukenglish, ukrainian, uppersorbian, usengl
ishmax, welsh, loaded.
("C:\Program Files\MiKTeX 2.9\tex\latex\base\article.cls"
Document Class: article 2007/10/19 v1.4h Standard LaTeX document class
("C:\Program Files\MiKTeX 2.9\tex\latex\base\size10.clo"
File: size10.clo 2007/10/19 v1.4h Standard LaTeX file (size option)
)
\c@part=\count79
\c@section=\count80
\c@subsection=\count81
\c@subsubsection=\count82
\c@paragraph=\count83
\c@subparagraph=\count84
\c@figure=\count85
\c@table=\count86
\abovecaptionskip=\skip41
\belowcaptionskip=\skip42
\bibindent=\dimen102
)
("C:\Users\Pat Byrne\Desktop\2014_nola\apamposter_1.sty"
Package: apamposter_1 

("C:\Program Files\MiKTeX 2.9\tex\latex\graphics\color.sty"
Package: color 2005/11/14 v1.0j Standard LaTeX Color (DPC)

("C:\Program Files\MiKTeX 2.9\tex\latex\00miktex\color.cfg"
File: color.cfg 2007/01/18 v1.5 color configuration of teTeX/TeXLive
)
Package color Info: Driver file: pdftex.def on input line 130.

("C:\Program Files\MiKTeX 2.9\tex\latex\pdftex-def\pdftex.def"
File: pdftex.def 2011/05/27 v0.06d Graphics/color for pdfTeX

("C:\Program Files\MiKTeX 2.9\tex\generic\oberdiek\infwarerr.sty"
Package: infwarerr 2010/04/08 v1.3 Providing info/warning/error messages (HO)
)
("C:\Program Files\MiKTeX 2.9\tex\generic\oberdiek\ltxcmds.sty"
Package: ltxcmds 2011/11/09 v1.22 LaTeX kernel commands for general use (HO)
)
\Gread@gobject=\count87
))
("C:\Program Files\MiKTeX 2.9\tex\latex\graphics\graphicx.sty"
Package: graphicx 1999/02/16 v1.0f Enhanced LaTeX Graphics (DPC,SPQR)

("C:\Program Files\MiKTeX 2.9\tex\latex\graphics\keyval.sty"
Package: keyval 1999/03/16 v1.13 key=value parser (DPC)
\KV@toks@=\toks14
)
("C:\Program Files\MiKTeX 2.9\tex\latex\graphics\graphics.sty"
Package: graphics 2009/02/05 v1.0o Standard LaTeX Graphics (DPC,SPQR)

("C:\Program Files\MiKTeX 2.9\tex\latex\graphics\trig.sty"
Package: trig 1999/03/16 v1.09 sin cos tan (DPC)
)
("C:\Program Files\MiKTeX 2.9\tex\latex\00miktex\graphics.cfg"
File: graphics.cfg 2007/01/18 v1.5 graphics configuration of teTeX/TeXLive
)
Package graphics Info: Driver file: pdftex.def on input line 91.
)
\Gin@req@height=\dimen103
\Gin@req@width=\dimen104
)
("C:\Program Files\MiKTeX 2.9\tex\latex\geometry\geometry.sty"
Package: geometry 2010/09/12 v5.6 Page Geometry

("C:\Program Files\MiKTeX 2.9\tex\generic\oberdiek\ifpdf.sty"
Package: ifpdf 2011/01/30 v2.3 Provides the ifpdf switch (HO)
Package ifpdf Info: pdfTeX in PDF mode is detected.
)
("C:\Program Files\MiKTeX 2.9\tex\generic\oberdiek\ifvtex.sty"
Package: ifvtex 2010/03/01 v1.5 Detect VTeX and its facilities (HO)
Package ifvtex Info: VTeX not detected.
)
("C:\Program Files\MiKTeX 2.9\tex\generic\ifxetex\ifxetex.sty"
Package: ifxetex 2010/09/12 v0.6 Provides ifxetex conditional
)
\Gm@cnth=\count88
\Gm@cntv=\count89
\c@Gm@tempcnt=\count90
\Gm@bindingoffset=\dimen105
\Gm@wd@mp=\dimen106
\Gm@odd@mp=\dimen107
\Gm@even@mp=\dimen108
\Gm@layoutwidth=\dimen109
\Gm@layoutheight=\dimen110
\Gm@layouthoffset=\dimen111
\Gm@layoutvoffset=\dimen112
\Gm@dimlist=\toks15

("C:\Program Files\MiKTeX 2.9\tex\latex\geometry\geometry.cfg"))
("C:\Program Files\MiKTeX 2.9\tex\latex\tools\multicol.sty"
Package: multicol 2011/06/27 v1.7a multicolumn formatting (FMi)
\c@tracingmulticols=\count91
\mult@box=\box26
\multicol@leftmargin=\dimen113
\c@unbalance=\count92
\c@collectmore=\count93
\doublecol@number=\count94
\multicoltolerance=\count95
\multicolpretolerance=\count96
\full@width=\dimen114
\page@free=\dimen115
\premulticols=\dimen116
\postmulticols=\dimen117
\multicolsep=\skip43
\multicolbaselineskip=\skip44
\partial@page=\box27
\last@line=\box28
\mult@rightbox=\box29
\mult@grightbox=\box30
\mult@gfirstbox=\box31
\mult@firstbox=\box32
\@tempa=\box33
\@tempa=\box34
\@tempa=\box35
\@tempa=\box36
\@tempa=\box37
\@tempa=\box38
\@tempa=\box39
\@tempa=\box40
\@tempa=\box41
\@tempa=\box42
\@tempa=\box43
\@tempa=\box44
\@tempa=\box45
\@tempa=\box46
\@tempa=\box47
\@tempa=\box48
\@tempa=\box49
\c@columnbadness=\count97
\c@finalcolumnbadness=\count98
\last@try=\dimen118
\multicolovershoot=\dimen119
\multicolundershoot=\dimen120
\mult@nat@firstbox=\box50
\colbreak@box=\box51
\multicol@sort@counter=\count99
)
Package color Info: Redefining color white on input line 54.
Package color Info: Redefining color black on input line 62.
Package color Info: Redefining color red on input line 63.
)
("C:\Program Files\MiKTeX 2.9\tex\latex\natbib\natbib.sty"
Package: natbib 2010/09/13 8.31b (PWD, AO)
\bibhang=\skip45
\bibsep=\skip46
LaTeX Info: Redefining \cite on input line 694.
\c@NAT@ctr=\count100
)
("C:\Program Files\MiKTeX 2.9\tex\latex\lm\lmodern.sty"
Package: lmodern 2009/10/30 v1.6 Latin Modern Fonts
LaTeX Font Info:    Overwriting symbol font `operators' in version `normal'
(Font)                  OT1/cmr/m/n --> OT1/lmr/m/n on input line 22.
LaTeX Font Info:    Overwriting symbol font `letters' in version `normal'
(Font)                  OML/cmm/m/it --> OML/lmm/m/it on input line 23.
LaTeX Font Info:    Overwriting symbol font `symbols' in version `normal'
(Font)                  OMS/cmsy/m/n --> OMS/lmsy/m/n on input line 24.
LaTeX Font Info:    Overwriting symbol font `largesymbols' in version `normal'
(Font)                  OMX/cmex/m/n --> OMX/lmex/m/n on input line 25.
LaTeX Font Info:    Overwriting symbol font `operators' in version `bold'
(Font)                  OT1/cmr/bx/n --> OT1/lmr/bx/n on input line 26.
LaTeX Font Info:    Overwriting symbol font `letters' in version `bold'
(Font)                  OML/cmm/b/it --> OML/lmm/b/it on input line 27.
LaTeX Font Info:    Overwriting symbol font `symbols' in version `bold'
(Font)                  OMS/cmsy/b/n --> OMS/lmsy/b/n on input line 28.
LaTeX Font Info:    Overwriting symbol font `largesymbols' in version `bold'
(Font)                  OMX/cmex/m/n --> OMX/lmex/m/n on input line 29.
LaTeX Font Info:    Overwriting math alphabet `\mathbf' in version `normal'
(Font)                  OT1/cmr/bx/n --> OT1/lmr/bx/n on input line 31.
LaTeX Font Info:    Overwriting math alphabet `\mathsf' in version `normal'
(Font)                  OT1/cmss/m/n --> OT1/lmss/m/n on input line 32.
LaTeX Font Info:    Overwriting math alphabet `\mathit' in version `normal'
(Font)                  OT1/cmr/m/it --> OT1/lmr/m/it on input line 33.
LaTeX Font Info:    Overwriting math alphabet `\mathtt' in version `normal'
(Font)                  OT1/cmtt/m/n --> OT1/lmtt/m/n on input line 34.
LaTeX Font Info:    Overwriting math alphabet `\mathbf' in version `bold'
(Font)                  OT1/cmr/bx/n --> OT1/lmr/bx/n on input line 35.
LaTeX Font Info:    Overwriting math alphabet `\mathsf' in version `bold'
(Font)                  OT1/cmss/bx/n --> OT1/lmss/bx/n on input line 36.
LaTeX Font Info:    Overwriting math alphabet `\mathit' in version `bold'
(Font)                  OT1/cmr/bx/it --> OT1/lmr/bx/it on input line 37.
LaTeX Font Info:    Overwriting math alphabet `\mathtt' in version `bold'
(Font)                  OT1/cmtt/m/n --> OT1/lmtt/m/n on input line 38.
)
("C:\Program Files\MiKTeX 2.9\tex\latex\textpos\textpos.sty"
Package: textpos 2014/01/03 v1.7j

Package: textpos 2014/01/03 1.7j, absolute positioning of text on the page
\TP@textbox=\box52
\TPHorizModule=\dimen121
\TPVertModule=\dimen122
\TP@margin=\dimen123
\TP@absmargin=\dimen124
Grid set 16 x 16 = 280.04625pt x 171.64124pt
\TPboxrulesize=\dimen125
\TP@tbargs=\toks16
\TP@prevdepth=\dimen126
) ("C:\Users\Pat Byrne\Desktop\2014_nola\byrne_aps_2014.aux")
LaTeX Font Info:    Checking defaults for OML/cmm/m/it on input line 10.
LaTeX Font Info:    ... okay on input line 10.
LaTeX Font Info:    Checking defaults for T1/cmr/m/n on input line 10.
LaTeX Font Info:    ... okay on input line 10.
LaTeX Font Info:    Checking defaults for OT1/cmr/m/n on input line 10.
LaTeX Font Info:    ... okay on input line 10.
LaTeX Font Info:    Checking defaults for OMS/cmsy/m/n on input line 10.
LaTeX Font Info:    ... okay on input line 10.
LaTeX Font Info:    Checking defaults for OMX/cmex/m/n on input line 10.
LaTeX Font Info:    ... okay on input line 10.
LaTeX Font Info:    Checking defaults for U/cmr/m/n on input line 10.
LaTeX Font Info:    ... okay on input line 10.
LaTeX Font Info:    Try loading font information for OT1+lmr on input line 10.

("C:\Program Files\MiKTeX 2.9\tex\latex\lm\ot1lmr.fd"
File: ot1lmr.fd 2009/10/30 v1.6 Font defs for Latin Modern
)
("C:\Program Files\MiKTeX 2.9\tex\context\base\supp-pdf.mkii"
[Loading MPS to PDF converter (version 2006.09.02).]
\scratchcounter=\count101
\scratchdimen=\dimen127
\scratchbox=\box53
\nofMPsegments=\count102
\nofMParguments=\count103
\everyMPshowfont=\toks17
\MPscratchCnt=\count104
\MPscratchDim=\dimen128
\MPnumerator=\count105
\makeMPintoPDFobject=\count106
\everyMPtoPDFconversion=\toks18
)
*geometry* driver: auto-detecting
*geometry* detected driver: pdftex
*geometry* verbose mode - [ preamble ] result:
* driver: pdftex
* paper: custom
* layout: <same size as paper>
* layoutoffset:(h,v)=(0.0pt,0.0pt)
* modes: landscape 
* h-part:(L,W,R)=(72.26999pt, 4336.20001pt, 72.26999pt)
* v-part:(T,H,B)=(72.26999pt, 2384.91002pt, 289.07999pt)
* \paperwidth=4480.73999pt
* \paperheight=2746.26pt
* \textwidth=4336.20001pt
* \textheight=2384.91002pt
* \oddsidemargin=0.0pt
* \evensidemargin=0.0pt
* \topmargin=-37.0pt
* \headheight=12.0pt
* \headsep=25.0pt
* \topskip=10.0pt
* \footskip=30.0pt
* \marginparwidth=65.0pt
* \marginparsep=11.0pt
* \columnsep=85.35826pt
* \skip\footins=9.0pt plus 4.0pt minus 2.0pt
* \hoffset=0.0pt
* \voffset=0.0pt
* \mag=1000
* \@twocolumnfalse
* \@twosidefalse
* \@mparswitchfalse
* \@reversemarginfalse
* (1in=72.27pt=25.4mm, 1cm=28.453pt)

LaTeX Font Info:    Try loading font information for OT1+lmss on input line 30.

("C:\Program Files\MiKTeX 2.9\tex\latex\lm\ot1lmss.fd"
File: ot1lmss.fd 2009/10/30 v1.6 Font defs for Latin Modern
)
LaTeX Font Info:    Calculating math sizes for size <43> on input line 32.
LaTeX Font Info:    Try loading font information for OML+lmm on input line 32.

("C:\Program Files\MiKTeX 2.9\tex\latex\lm\omllmm.fd"
File: omllmm.fd 2009/10/30 v1.6 Font defs for Latin Modern
)
LaTeX Font Info:    Try loading font information for OMS+lmsy on input line 32.


("C:\Program Files\MiKTeX 2.9\tex\latex\lm\omslmsy.fd"
File: omslmsy.fd 2009/10/30 v1.6 Font defs for Latin Modern
)
LaTeX Font Info:    Try loading font information for OMX+lmex on input line 32.


("C:\Program Files\MiKTeX 2.9\tex\latex\lm\omxlmex.fd"
File: omxlmex.fd 2009/10/30 v1.6 Font defs for Latin Modern
)
LaTeX Font Info:    External font `lmex10' loaded for size
(Font)              <43> on input line 32.
LaTeX Font Info:    External font `lmex10' loaded for size
(Font)              <30.09987> on input line 32.
LaTeX Font Info:    External font `lmex10' loaded for size
(Font)              <21.5> on input line 32.
LaTeX Font Info:    Font shape `OT1/lmss/bx/it' in size <43> not available
(Font)              Font shape `OT1/lmss/bx/sl' tried instead on input line 32.

LaTeX Font Info:    External font `lmex10' loaded for size
(Font)              <24.88> on input line 41.
LaTeX Font Info:    External font `lmex10' loaded for size
(Font)              <20.74> on input line 41.
LaTeX Font Info:    External font `lmex10' loaded for size
(Font)              <17.28> on input line 41.

<CU_logo_exported.png, id=1, 567.0786pt x 113.223pt>
File: CU_logo_exported.png Graphic file (type png)

<use CU_logo_exported.png>
Package pdftex.def Info: CU_logo_exported.png used on input line 48.
(pdftex.def)             Requested size: 425.3079pt x 84.91704pt.

Overfull \hbox (223.49794pt too wide) in paragraph at lines 48--49
[][] 
 []

<hbt_logo.png, id=3, 225.09094pt x 144.54pt>
File: hbt_logo.png Graphic file (type png)
 <use hbt_logo.png>
Package pdftex.def Info: hbt_logo.png used on input line 55.
(pdftex.def)             Requested size: 225.09038pt x 144.53963pt.

Overfull \hbox (167.82039pt too wide) in paragraph at lines 55--56
[][] 
 []


Underfull \hbox (badness 10000) in paragraph at lines 70--71

 []

LaTeX Font Info:    Try loading font information for OMS+lmr on input line 74.
("C:\Program Files\MiKTeX 2.9\tex\latex\lm\omslmr.fd"
File: omslmr.fd 2009/10/30 v1.6 Font defs for Latin Modern
)
LaTeX Font Info:    Font shape `OMS/lmr/m/n' in size <24.88> not available
(Font)              Font shape `OMS/lmsy/m/n' tried instead on input line 74.

<Plasma_with_sensors_FWall_concept_WithCCview.png, id=4, 2007.5pt x 1006.76125p
t>
File: Plasma_with_sensors_FWall_concept_WithCCview.png Graphic file (type png)
 <use Plasma_with_sensors_FWall_concept_WithCCview.png>
Package pdftex.def Info: Plasma_with_sensors_FWall_concept_WithCCview.png used 
on input line 79.
(pdftex.def)             Requested size: 719.05316pt x 360.6057pt.

<HBT_section_cropped.png, id=5, 660.21657pt x 459.21562pt>
File: HBT_section_cropped.png Graphic file (type png)

<use HBT_section_cropped.png>
Package pdftex.def Info: HBT_section_cropped.png used on input line 88.
(pdftex.def)             Requested size: 719.05316pt x 500.15672pt.

<flux_surfaces_during_shaping85385_1.png, id=6, 1984.41376pt x 1145.78062pt>
File: flux_surfaces_during_shaping85385_1.png Graphic file (type png)

<use flux_surfaces_during_shaping85385_1.png>
Package pdftex.def Info: flux_surfaces_during_shaping85385_1.png used on input 
line 93.
(pdftex.def)             Requested size: 838.90349pt x 484.37155pt.

Overfull \hbox (64.95013pt too wide) in paragraph at lines 93--93
 [] 
 []


<flux_surfaces_during_shaping_reverse_polarity.png, id=7, 682.04813pt x 590.205
pt>
File: flux_surfaces_during_shaping_reverse_polarity.png Graphic file (type png)

 <use flux_surfaces_during_shaping_reverse_polarity.png>
Package pdftex.def Info: flux_surfaces_during_shaping_reverse_polarity.png used
 on input line 98.
(pdftex.def)             Requested size: 479.37689pt x 414.83377pt.

<stripeys_pol_and_tor_85402.png, id=8, 1464.97313pt x 874.76813pt>
File: stripeys_pol_and_tor_85402.png Graphic file (type png)

<use stripeys_pol_and_tor_85402.png>
Package pdftex.def Info: stripeys_pol_and_tor_85402.png used on input line 107.

(pdftex.def)             Requested size: 798.95338pt x 477.07956pt.

Overfull \hbox (25.00003pt too wide) in paragraph at lines 107--107
 [] 
 []


Underfull \hbox (badness 10000) in paragraph at lines 110--111

 []

LaTeX Font Info:    Calculating math sizes for size <35.83> on input line 114.
LaTeX Font Info:    External font `lmex10' loaded for size
(Font)              <35.83> on input line 114.
LaTeX Font Info:    External font `lmex10' loaded for size
(Font)              <25.08089> on input line 114.
LaTeX Font Info:    External font `lmex10' loaded for size
(Font)              <17.915> on input line 114.

Underfull \hbox (badness 10000) in paragraph at lines 116--119

 []


Underfull \hbox (badness 10000) in paragraph at lines 119--120

 []

<85402_bd_reconstructions.png, id=9, 1505.625pt x 1026.83624pt>
File: 85402_bd_reconstructions.png Graphic file (type png)

<use 85402_bd_reconstructions.png>
Package pdftex.def Info: 85402_bd_reconstructions.png used on input line 123.
(pdftex.def)             Requested size: 798.95338pt x 544.89435pt.

Overfull \hbox (25.00003pt too wide) in paragraph at lines 123--123
 [] 
 []


Underfull \hbox (badness 10000) in paragraph at lines 130--131

 []

<Dcon_surfaces_n1_dom_85385_85402.png, id=10, 746.79pt x 712.16063pt>
File: Dcon_surfaces_n1_dom_85385_85402.png Graphic file (type png)

<use Dcon_surfaces_n1_dom_85385_85402.png>
Package pdftex.def Info: Dcon_surfaces_n1_dom_85385_85402.png used on input lin
e 138.
(pdftex.def)             Requested size: 798.95338pt x 761.93915pt.

Overfull \hbox (25.00003pt too wide) in paragraph at lines 138--138
 [] 
 []

<Modeling_to_reality_comparison.png, id=11, 1102.1175pt x 1647.15375pt>
File: Modeling_to_reality_comparison.png Graphic file (type png)

<use Modeling_to_reality_comparison.png>
Package pdftex.def Info: Modeling_to_reality_comparison.png used on input line 
152.
(pdftex.def)             Requested size: 798.95338pt x 1194.11821pt.

Overfull \hbox (25.00003pt too wide) in paragraph at lines 152--152
 [] 
 []

<fig2_mode_spectrum_REV2.png, id=12, 979.40906pt x 334.24875pt>
File: fig2_mode_spectrum_REV2.png Graphic file (type png)

<use fig2_mode_spectrum_REV2.png>
Package pdftex.def Info: fig2_mode_spectrum_REV2.png used on input line 162.
(pdftex.def)             Requested size: 798.95338pt x 272.66788pt.

Overfull \hbox (25.00003pt too wide) in paragraph at lines 162--163
 [] 
 []


Underfull \hbox (badness 10000) in paragraph at lines 166--167

 []


Underfull \hbox (badness 10000) in paragraph at lines 167--168

 []

<VALEN_CC_coupling.png, id=13, 1021.1751pt x 435.0654pt>
File: VALEN_CC_coupling.png Graphic file (type png)

<use VALEN_CC_coupling.png>
Package pdftex.def Info: VALEN_CC_coupling.png used on input line 174.
(pdftex.def)             Requested size: 798.95338pt x 340.39851pt.

Overfull \hbox (25.00003pt too wide) in paragraph at lines 174--175
 [] 
 []


Underfull \hbox (badness 10000) in paragraph at lines 195--198

 []

[1

{C:/ProgramData/MiKTeX/2.9/pdftex/config/pdftex.map} <C:/Users/Pat Byrne/Deskto
p/2014_nola/CU_logo_exported.png> <C:/Users/Pat Byrne/Desktop/2014_nola/hbt_log
o.png> <C:/Users/Pat Byrne/Desktop/2014_nola/Plasma_with_sensors_FWall_concept_
WithCCview.png> <C:/Users/Pat Byrne/Desktop/2014_nola/HBT_section_cropped.png> 
<C:/Users/Pat Byrne/Desktop/2014_nola/flux_surfaces_during_shaping85385_1.png> 
<C:/Users/Pat Byrne/Desktop/2014_nola/flux_surfaces_during_shaping_reverse_pola
rity.png> <C:/Users/Pat Byrne/Desktop/2014_nola/stripeys_pol_and_tor_85402.png>
 <C:/Users/Pat Byrne/Desktop/2014_nola/85402_bd_reconstructions.png> <C:/Users/
Pat Byrne/Desktop/2014_nola/Dcon_surfaces_n1_dom_85385_85402.png> <C:/Users/Pat
 Byrne/Desktop/2014_nola/Modeling_to_reality_comparison.png> <C:/Users/Pat Byrn
e/Desktop/2014_nola/fig2_mode_spectrum_REV2.png> <C:/Users/Pat Byrne/Desktop/20
14_nola/VALEN_CC_coupling.png>]
("C:\Users\Pat Byrne\Desktop\2014_nola\byrne_aps_2014.aux") ) 
Here is how much of TeX's memory you used:
 2400 strings out of 493921
 35111 string characters out of 3147270
 138489 words of memory out of 3000000
 5666 multiletter control sequences out of 15000+200000
 69204 words of font info for 54 fonts, out of 3000000 for 9000
 841 hyphenation exceptions out of 8191
 32i,6n,29p,863b,643s stack positions out of 5000i,500n,10000p,200000b,50000s
{C:/Program Files/
MiKTeX 2.9/fonts/enc/dvips/lm/lm-rm.enc}{C:/Program Files/MiKTeX 2.9/fonts/enc/
dvips/lm/lm-mathit.enc}{C:/Program Files/MiKTeX 2.9/fonts/enc/dvips/lm/lm-maths
y.enc}<C:/Program Files/MiKTeX 2.9/fonts/type1/public/lm/lmbx12.pfb><C:/Program
 Files/MiKTeX 2.9/fonts/type1/public/lm/lmmi12.pfb><C:/Program Files/MiKTeX 2.9
/fonts/type1/public/lm/lmr17.pfb><C:/Program Files/MiKTeX 2.9/fonts/type1/publi
c/lm/lmri12.pfb><C:/Program Files/MiKTeX 2.9/fonts/type1/public/lm/lmssbo10.pfb
><C:/Program Files/MiKTeX 2.9/fonts/type1/public/lm/lmssbx10.pfb><C:/Program Fi
les/MiKTeX 2.9/fonts/type1/public/lm/lmsy10.pfb>
Output written on byrne_aps_2014.pdf (1 page, 3670163 bytes).
PDF statistics:
 58 PDF objects out of 1000 (max. 8388607)
 0 named destinations out of 1000 (max. 500000)
 61 words of extra memory for PDF output out of 10000 (max. 10000000)

