\BOOKMARK [0][-]{dummy.1}{\376\377\000D\000e\000c\000l\000a\000r\000a\000t\000i\000o\000n\000\040\000o\000f\000\040\000A\000u\000t\000h\000o\000r\000s\000h\000i\000p}{}% 1
\BOOKMARK [0][-]{dummy.2}{\376\377\000A\000b\000s\000t\000r\000a\000c\000t}{}% 2
\BOOKMARK [0][-]{dummy.3}{\376\377\000A\000c\000k\000n\000o\000w\000l\000e\000d\000g\000e\000m\000e\000n\000t\000s}{}% 3
\BOOKMARK [0][-]{dummy.5}{\376\377\000L\000i\000s\000t\000\040\000o\000f\000\040\000F\000i\000g\000u\000r\000e\000s}{}% 4
\BOOKMARK [0][-]{dummy.7}{\376\377\000L\000i\000s\000t\000\040\000o\000f\000\040\000T\000a\000b\000l\000e\000s}{}% 5
\BOOKMARK [0][-]{dummy.9}{\376\377\000A\000b\000b\000r\000e\000v\000i\000a\000t\000i\000o\000n\000s}{}% 6
\BOOKMARK [0][-]{dummy.12}{\376\377\000P\000h\000y\000s\000i\000c\000a\000l\000\040\000C\000o\000n\000s\000t\000a\000n\000t\000s}{}% 7
\BOOKMARK [0][-]{dummy.15}{\376\377\000S\000y\000m\000b\000o\000l\000s}{}% 8
\BOOKMARK [0][-]{chapter.18}{\376\377\0001\000\040\000I\000n\000t\000r\000o\000d\000u\000c\000t\000i\000o\000n}{}% 9
\BOOKMARK [1][-]{section*.19}{}{chapter.18}% 10
\BOOKMARK [2][-]{section*.20}{}{section*.19}% 11
\BOOKMARK [3][-]{section*.21}{}{section*.20}% 12
\BOOKMARK [4][-]{section*.22}{}{section*.21}% 13
\BOOKMARK [1][-]{section.23}{\376\377\0001\000.\0001\000\040\000T\000h\000e\000\040\000D\000-\000T\000\040\000F\000u\000s\000i\000o\000n\000\040\000R\000e\000a\000c\000t\000i\000o\000n}{chapter.18}% 14
\BOOKMARK [2][-]{section*.24}{}{section.23}% 15
\BOOKMARK [3][-]{section*.27}{}{section*.24}% 16
\BOOKMARK [1][-]{section.30}{\376\377\0001\000.\0002\000\040\000p\000l\000a\000s\000m\000a\000\040\000c\000o\000n\000f\000i\000n\000e\000m\000e\000n\000t}{chapter.18}% 17
\BOOKMARK [2][-]{subsection.31}{\376\377\0001\000.\0002\000.\0001\000\040\000A\000\040\000S\000u\000b\000s\000e\000c\000t\000i\000o\000n}{section.30}% 18
\BOOKMARK [1][-]{section.32}{\376\377\0001\000.\0003\000\040\000A\000n\000o\000t\000h\000e\000r\000\040\000S\000e\000c\000t\000i\000o\000n}{chapter.18}% 19
\BOOKMARK [0][-]{appendix.33}{\376\377\000A\000\040\000A\000n\000\040\000A\000p\000p\000e\000n\000d\000i\000x}{}% 20
