TokaMac SVDFit Output. From Input FileName: TokIn.dat
    RunName: Shape2. Info: Shape2
    Run started at Tuesday, May 17, 2016 01:19:57 PM
    Chisq1 = 0.0607503, Chisq2 = 0.06128

Unknowns     uOld       uNew      +-err  +-PerCent   sing val
   1        0.927      0.927      0.107       11.5       9.37
   2       -0.116     -0.116    0.00533       4.59        619
   3      -0.0147    -0.0147   6.28e-05      0.428   3.18e+03
   4     -0.00287   -0.00287   6.28e-05       2.19   1.59e+04
   5     2.18e-07   2.17e-07   0.000314   1.45e+05   1.59e+04

Covariance Martix
Unkn |  Unknowns ->   
              1          2          3          4          5 
   1      0.011   -0.00054    3.3e-11   -6.3e-09    3.4e-09 
   2   -0.00054    2.8e-05   -1.9e-12    3.7e-10     -2e-10 
   3    3.3e-11   -1.9e-12    3.9e-09    1.4e-14   -7.6e-15 
   4   -6.3e-09    3.7e-10    1.4e-14    3.9e-09    1.5e-12 
   5    3.4e-09     -2e-10   -7.6e-15    1.5e-12    9.9e-08 

L Array
Meas |  Unknowns ->   
              1          2          3          4          5 
   1          0          0    1.6e+04          0          0 
   2          0          0          0    1.6e+04          0 
   3          0          0          0          0    3.2e+03 
   4        -31   -5.9e+02          0          0          0 
   5       -0.4        -15       -2.2    4.2e+02       -8.9 
   6          0   -1.9e+02          0          0          0 

