TokaMac Flux Profile Output. From Input FileName: TokIn.dat
    RunName: Shape2. Info: Shape2
    Run started at Tuesday, May 17, 2016 01:19:57 PM
    Run was initialized internally.
    Run ended at   Tuesday, May 17, 2016 01:20:01 PM

i         PsiX         Psi           q           P           G          F         Pp         G2p        dVol         Vol          S         Well         <J>        <B2>
00      0.0001    0.007088        1.65       546.7      0.9973      0.2955  -9.255e+04      0.9267       30.76           0           0           0    3.25e+05      0.1002
01     0.01062    0.007193       1.658       536.9      0.9973      0.2956  -9.187e+04      0.9198       30.83      0.3239      0.9978    -0.03377   3.235e+05         0.1
02     0.02113    0.007299       1.667       527.3      0.9974      0.2956  -9.118e+04       0.913       30.95      0.6487       1.002      0.1003   3.209e+05      0.1001
03     0.03165    0.007404       1.676       517.7      0.9974      0.2956  -9.049e+04      0.9061       31.08      0.9749        1.01      0.1015   3.182e+05      0.1002
04     0.04216     0.00751       1.685       508.2      0.9975      0.2956  -8.981e+04      0.8992       31.22       1.302       1.018     0.09988   3.155e+05      0.1003
05     0.05268    0.007616       1.694       498.7      0.9975      0.2956  -8.911e+04      0.8923       31.38       1.632       1.023     0.09956   3.129e+05      0.1004
06     0.06319    0.007721       1.703       489.3      0.9975      0.2956  -8.842e+04      0.8853       31.52       1.962       1.031      0.1054   3.102e+05      0.1005
07     0.07371    0.007827       1.713         480      0.9976      0.2956  -8.772e+04      0.8784       31.63       2.294        1.04      0.1071   3.075e+05      0.1006
08     0.08423    0.007932       1.722       470.8      0.9976      0.2957  -8.703e+04      0.8714       31.77       2.628       1.047      0.1044   3.048e+05      0.1008
09     0.09474    0.008038       1.731       461.7      0.9977      0.2957  -8.633e+04      0.8644       31.91       2.962       1.054      0.1046   3.021e+05      0.1009
10      0.1053    0.008144       1.741       452.6      0.9977      0.2957  -8.562e+04      0.8573       32.06       3.299       1.062      0.1047   2.994e+05       0.101
11      0.1158    0.008249       1.751       443.6      0.9978      0.2957  -8.492e+04      0.8503       32.21       3.637        1.07      0.1054   2.967e+05      0.1011
12      0.1263    0.008355       1.761       434.6      0.9978      0.2957  -8.421e+04      0.8432       32.35       3.976       1.079      0.1063    2.94e+05      0.1012
13      0.1368     0.00846       1.771       425.8      0.9979      0.2957   -8.35e+04       0.836       32.51       4.317       1.087      0.1066   2.913e+05      0.1013
14      0.1473    0.008566       1.781         417      0.9979      0.2957  -8.278e+04      0.8289       32.66        4.66       1.095      0.1074   2.885e+05      0.1014
15      0.1578    0.008672       1.791       408.3       0.998      0.2957  -8.207e+04      0.8217       32.82       5.004       1.104      0.1077   2.858e+05      0.1015
16      0.1684    0.008777       1.802       399.7       0.998      0.2958  -8.135e+04      0.8145       32.97        5.35       1.113      0.1086   2.831e+05      0.1017
17      0.1789    0.008883       1.813       391.1       0.998      0.2958  -8.063e+04      0.8073       33.13       5.698       1.122       0.109   2.803e+05      0.1018
18      0.1894    0.008988       1.823       382.6      0.9981      0.2958   -7.99e+04      0.8001        33.3       6.047       1.131      0.1095   2.776e+05      0.1019
19      0.1999    0.009094       1.834       374.2      0.9981      0.2958  -7.918e+04      0.7928       33.46       6.398        1.14      0.1101   2.748e+05       0.102
20      0.2104      0.0092       1.845       365.9      0.9982      0.2958  -7.845e+04      0.7855       33.62       6.751       1.149      0.1104    2.72e+05      0.1021
21      0.2209    0.009305       1.856       357.7      0.9982      0.2958  -7.771e+04      0.7781       33.79       7.105       1.159      0.1114   2.692e+05      0.1022
22      0.2314    0.009411       1.868       349.5      0.9982      0.2958  -7.698e+04      0.7708       33.96       7.461       1.169      0.1115   2.665e+05      0.1024
23       0.242    0.009517       1.879       341.4      0.9983      0.2958  -7.624e+04      0.7634       34.14       7.819       1.179      0.1123   2.637e+05      0.1025
24      0.2525    0.009622       1.891       333.4      0.9983      0.2959   -7.55e+04      0.7559       34.31       8.179       1.189      0.1135   2.609e+05      0.1026
25       0.263    0.009728       1.903       325.5      0.9984      0.2959  -7.475e+04      0.7485       34.49       8.541       1.198       0.114   2.581e+05      0.1027
26      0.2735    0.009833       1.915       317.6      0.9984      0.2959    -7.4e+04       0.741       34.67       8.905        1.21      0.1148   2.552e+05      0.1029
27       0.284    0.009939       1.927       309.8      0.9984      0.2959  -7.325e+04      0.7335       34.86        9.27        1.22      0.1152   2.524e+05       0.103
28      0.2945     0.01004        1.94       302.1      0.9985      0.2959   -7.25e+04      0.7259       35.04       9.638       1.231       0.116   2.496e+05      0.1031
29      0.3051     0.01015       1.953       294.5      0.9985      0.2959  -7.174e+04      0.7183       35.23       10.01       1.242      0.1169   2.467e+05      0.1032
30      0.3156     0.01026       1.965         287      0.9986      0.2959  -7.098e+04      0.7107       35.42       10.38       1.253      0.1176   2.439e+05      0.1034
31      0.3261     0.01036       1.978       279.5      0.9986      0.2959  -7.021e+04       0.703       35.61       10.75       1.265      0.1184    2.41e+05      0.1035
32      0.3366     0.01047       1.992       272.2      0.9986      0.2959  -6.944e+04      0.6953       35.81       11.13       1.277      0.1189   2.381e+05      0.1036
33      0.3471     0.01057       2.005       264.9      0.9987       0.296  -6.867e+04      0.6876       36.01       11.51       1.289      0.1199   2.352e+05      0.1037
34      0.3576     0.01068       2.019       257.6      0.9987       0.296   -6.79e+04      0.6798       36.21       11.88       1.301      0.1211   2.324e+05      0.1039
35      0.3682     0.01078       2.033       250.5      0.9987       0.296  -6.712e+04       0.672       36.42       12.27       1.307      0.1174   2.294e+05       0.104
36      0.3787     0.01089       2.047       243.5      0.9988       0.296  -6.633e+04      0.6642       36.63       12.65        1.32      0.1174   2.265e+05      0.1041
37      0.3892       0.011       2.061       236.5      0.9988       0.296  -6.554e+04      0.6563       36.84       13.04       1.338      0.1234   2.236e+05      0.1043
38      0.3997      0.0111       2.076       229.6      0.9988       0.296  -6.475e+04      0.6484       37.06       13.43       1.352      0.1257   2.207e+05      0.1044
39      0.4102     0.01121       2.091       222.8      0.9989       0.296  -6.396e+04      0.6404       37.27       13.82       1.365      0.1257   2.177e+05      0.1045
40      0.4207     0.01131       2.106       216.1      0.9989       0.296  -6.316e+04      0.6324        37.5       14.21       1.379      0.1258   2.148e+05      0.1047
41      0.4312     0.01142       2.121       209.5       0.999       0.296  -6.235e+04      0.6243       37.72       14.61       1.393      0.1307   2.118e+05      0.1048
42      0.4418     0.01152       2.137         203       0.999       0.296  -6.154e+04      0.6162       37.95          15       1.408      0.1261   2.088e+05       0.105
43      0.4523     0.01163       2.153       196.5       0.999      0.2961  -6.073e+04      0.6081       38.19        15.4       1.423       0.124   2.058e+05      0.1051
44      0.4628     0.01173       2.169       190.1       0.999      0.2961  -5.991e+04      0.5999       38.43       15.81       1.438      0.1286   2.028e+05      0.1052
45      0.4733     0.01184       2.186       183.8      0.9991      0.2961  -5.909e+04      0.5916       38.67       16.21       1.453      0.1309   1.998e+05      0.1054
46      0.4838     0.01195       2.203       177.6      0.9991      0.2961  -5.826e+04      0.5833       38.92       16.62       1.469      0.1311   1.968e+05      0.1055
47      0.4943     0.01205        2.22       171.5      0.9991      0.2961  -5.742e+04       0.575       39.17       17.03       1.486      0.1317   1.938e+05      0.1057
48      0.5049     0.01216       2.237       165.5      0.9992      0.2961  -5.659e+04      0.5666       39.42       17.44       1.502      0.1365   1.907e+05      0.1058
49      0.5154     0.01226       2.255       159.6      0.9992      0.2961  -5.574e+04      0.5581       39.68       17.86       1.519      0.1388   1.876e+05       0.106
50      0.5259     0.01237       2.273       153.7      0.9992      0.2961  -5.489e+04      0.5496       39.94       18.28       1.537      0.1317   1.846e+05      0.1061
51      0.5364     0.01247       2.292         148      0.9993      0.2961  -5.404e+04      0.5411       40.22        18.7       1.555      0.1334   1.815e+05      0.1063
52      0.5469     0.01258       2.311       142.3      0.9993      0.2961  -5.318e+04      0.5324       40.49       19.12       1.574      0.1466   1.783e+05      0.1064
53      0.5574     0.01268        2.33       136.8      0.9993      0.2961  -5.231e+04      0.5238       40.77       19.55       1.593      0.1389   1.752e+05      0.1066
54       0.568     0.01279        2.35       131.3      0.9993      0.2962  -5.144e+04       0.515       41.06       19.98       1.612      0.1386   1.721e+05      0.1067
55      0.5785      0.0129        2.37       125.9      0.9994      0.2962  -5.056e+04      0.5062       41.35       20.41       1.632      0.1466   1.689e+05      0.1069
56       0.589       0.013        2.39       120.6      0.9994      0.2962  -4.967e+04      0.4973       41.65       20.85       1.652      0.1448   1.657e+05      0.1071
57      0.5995     0.01311       2.411       115.4      0.9994      0.2962  -4.878e+04      0.4884       41.95       21.29       1.674      0.1496   1.625e+05      0.1072
58        0.61     0.01321       2.433       110.3      0.9994      0.2962  -4.788e+04      0.4794       42.25       21.73       1.695      0.1479   1.593e+05      0.1074
59      0.6205     0.01332       2.455       105.3      0.9995      0.2962  -4.697e+04      0.4703       42.57       22.18       1.718      0.1449   1.561e+05      0.1076
60       0.631     0.01342       2.477       100.4      0.9995      0.2962  -4.606e+04      0.4611        42.9       22.63        1.74      0.1489   1.529e+05      0.1077
61      0.6416     0.01353         2.5       95.57      0.9995      0.2962  -4.513e+04      0.4519       43.23       23.08       1.765      0.1509   1.496e+05      0.1079
62      0.6521     0.01364       2.524       90.85      0.9995      0.2962   -4.42e+04      0.4426       43.56       23.54        1.79      0.1538   1.463e+05      0.1081
63      0.6626     0.01374       2.548       86.23      0.9996      0.2962  -4.326e+04      0.4332       43.91          24       1.815      0.1556    1.43e+05      0.1083
64      0.6731     0.01385       2.572       81.71      0.9996      0.2962  -4.231e+04      0.4237       44.26       24.46        1.84      0.1593   1.396e+05      0.1084
65      0.6836     0.01395       2.597       77.29      0.9996      0.2962  -4.136e+04      0.4141       44.62       24.93       1.867      0.1607   1.363e+05      0.1086
66      0.6941     0.01406       2.623       72.98      0.9996      0.2962  -4.039e+04      0.4044       44.99        25.4       1.895      0.1632   1.329e+05      0.1088
67      0.7047     0.01416        2.65       68.76      0.9997      0.2962  -3.941e+04      0.3946       45.36       25.87       1.924      0.1606   1.295e+05       0.109
68      0.7152     0.01427       2.677       64.65      0.9997      0.2963  -3.842e+04      0.3847       45.75       26.35       1.954      0.1581    1.26e+05      0.1092
69      0.7257     0.01437       2.705       60.65      0.9997      0.2963  -3.743e+04      0.3747       46.15       26.84       1.985      0.1708   1.226e+05      0.1094
70      0.7362     0.01448       2.733       56.75      0.9997      0.2963  -3.642e+04      0.3646       46.56       27.32       2.016      0.1737   1.191e+05      0.1096
71      0.7467     0.01459       2.763       52.96      0.9997      0.2963  -3.539e+04      0.3544       46.97       27.82        2.05      0.1695   1.155e+05      0.1098
72      0.7572     0.01469       2.793       49.27      0.9998      0.2963  -3.436e+04       0.344        47.4       28.31       2.084      0.1709    1.12e+05        0.11
73      0.7678      0.0148       2.824        45.7      0.9998      0.2963  -3.331e+04      0.3335       47.84       28.81        2.12      0.1822   1.084e+05      0.1102
74      0.7783      0.0149       2.856       42.24      0.9998      0.2963  -3.225e+04      0.3229       48.28       29.32       2.157      0.1871   1.047e+05      0.1104
75      0.7888     0.01501       2.889       38.89      0.9998      0.2963  -3.117e+04      0.3121       48.75       29.83       2.195      0.1826   1.011e+05      0.1106
76      0.7993     0.01511       2.922       35.66      0.9998      0.2963  -3.007e+04      0.3011       49.23       30.34       2.236       0.185   9.735e+04      0.1108
77      0.8098     0.01522       2.957       32.54      0.9998      0.2963  -2.896e+04        0.29       49.72       30.86       2.279      0.1877   9.358e+04       0.111
78      0.8203     0.01532       2.993       29.54      0.9999      0.2963  -2.783e+04      0.2787       50.22       31.39       2.323      0.1911   8.976e+04      0.1112
79      0.8308     0.01543        3.03       26.66      0.9999      0.2963  -2.668e+04      0.2671       50.74       31.92       2.369      0.1937   8.589e+04      0.1115
80      0.8414     0.01554       3.069        23.9      0.9999      0.2963  -2.551e+04      0.2554       51.28       32.46       2.417      0.1974   8.196e+04      0.1117
81      0.8519     0.01564       3.108       21.27      0.9999      0.2963  -2.431e+04      0.2434       51.83          33       2.467       0.201   7.797e+04      0.1119
82      0.8624     0.01575       3.149       18.77      0.9999      0.2963  -2.309e+04      0.2312        52.4       33.55       2.522      0.2039    7.39e+04      0.1122
83      0.8729     0.01585       3.192        16.4      0.9999      0.2963  -2.184e+04      0.2187       52.99        34.1        2.58      0.2077   6.976e+04      0.1124
84      0.8834     0.01596       3.236       14.16      0.9999      0.2963  -2.056e+04      0.2059       53.61       34.66       2.639      0.2117   6.553e+04      0.1127
85      0.8939     0.01606       3.282       12.06      0.9999      0.2963  -1.924e+04      0.1927       54.24       35.23       2.701      0.2161    6.12e+04      0.1129
86      0.9045     0.01617       3.329        10.1      0.9999      0.2963  -1.789e+04      0.1791        54.9        35.8       2.771      0.2206   5.677e+04      0.1132
87       0.915     0.01628       3.379        8.28           1      0.2963  -1.648e+04      0.1651       55.59       36.38        2.84      0.2239    5.22e+04      0.1134
88      0.9255     0.01638        3.43       6.616           1      0.2963  -1.503e+04      0.1505        56.3       36.97       2.919      0.2296   4.749e+04      0.1137
89       0.936     0.01649       3.484       5.108           1      0.2963  -1.351e+04      0.1353       57.04       37.57       3.005      0.2355   4.259e+04       0.114
90      0.9465     0.01659        3.54       3.765           1      0.2963  -1.192e+04      0.1193       57.81       38.17       3.094      0.2398   3.747e+04      0.1143
91       0.957      0.0167       3.599       2.595           1      0.2963  -1.022e+04      0.1024       58.63       38.78       3.193      0.2455   3.206e+04      0.1146
92      0.9676      0.0168       3.661        1.61           1      0.2963       -8399      0.0841       59.48        39.4       3.307       0.252   2.627e+04      0.1149
93      0.9781     0.01691       3.727      0.8272           1      0.2963       -6385     0.06393       60.38       40.04       3.439      0.2593   1.986e+04      0.1152
94      0.9886     0.01701       3.796      0.2726           1      0.2964       -4043     0.04048       61.33       40.68       3.595      0.2657   1.237e+04      0.1155
95      0.9991     0.01712        3.87    0.003631           1      0.2964      -682.9    0.006838       62.35       41.33       3.645     0.06696        3607      0.1158

